{"C:\\Users\\Admin\\project\\LBG-REST-API\\app.js": {"path":"C:\\Users\\Admin\\project\\LBG-REST-API\\app.js","statementMap":{"0":{"start":{"line":1,"column":16},"end":{"line":1,"column":34}},"1":{"start":{"line":2,"column":18},"end":{"line":2,"column":33}},"2":{"start":{"line":3,"column":11},"end":{"line":3,"column":26}},"3":{"start":{"line":4,"column":14},"end":{"line":4,"column":30}},"4":{"start":{"line":5,"column":12},"end":{"line":5,"column":21}},"5":{"start":{"line":6,"column":12},"end":{"line":6,"column":23}},"6":{"start":{"line":7,"column":19},"end":{"line":7,"column":41}},"7":{"start":{"line":10,"column":0},"end":{"line":10,"column":27}},"8":{"start":{"line":11,"column":0},"end":{"line":13,"column":4}},"9":{"start":{"line":16,"column":0},"end":{"line":16,"column":47}},"10":{"start":{"line":19,"column":0},"end":{"line":28,"column":2}},"11":{"start":{"line":21,"column":19},"end":{"line":25,"column":5}},"12":{"start":{"line":27,"column":4},"end":{"line":27,"column":19}},"13":{"start":{"line":31,"column":0},"end":{"line":54,"column":3}},"14":{"start":{"line":34,"column":4},"end":{"line":34,"column":40}},"15":{"start":{"line":37,"column":18},"end":{"line":37,"column":85}},"16":{"start":{"line":40,"column":4},"end":{"line":52,"column":7}},"17":{"start":{"line":43,"column":8},"end":{"line":43,"column":31}},"18":{"start":{"line":43,"column":17},"end":{"line":43,"column":31}},"19":{"start":{"line":46,"column":8},"end":{"line":46,"column":38}},"20":{"start":{"line":49,"column":8},"end":{"line":49,"column":40}},"21":{"start":{"line":50,"column":8},"end":{"line":50,"column":21}},"22":{"start":{"line":57,"column":0},"end":{"line":77,"column":3}},"23":{"start":{"line":60,"column":4},"end":{"line":60,"column":64}},"24":{"start":{"line":63,"column":4},"end":{"line":75,"column":7}},"25":{"start":{"line":66,"column":8},"end":{"line":66,"column":31}},"26":{"start":{"line":66,"column":17},"end":{"line":66,"column":31}},"27":{"start":{"line":69,"column":8},"end":{"line":69,"column":39}},"28":{"start":{"line":72,"column":8},"end":{"line":72,"column":39}},"29":{"start":{"line":73,"column":8},"end":{"line":73,"column":22}},"30":{"start":{"line":80,"column":0},"end":{"line":103,"column":3}},"31":{"start":{"line":83,"column":4},"end":{"line":83,"column":64}},"32":{"start":{"line":86,"column":17},"end":{"line":86,"column":30}},"33":{"start":{"line":89,"column":4},"end":{"line":101,"column":7}},"34":{"start":{"line":92,"column":8},"end":{"line":92,"column":31}},"35":{"start":{"line":92,"column":17},"end":{"line":92,"column":31}},"36":{"start":{"line":95,"column":8},"end":{"line":95,"column":38}},"37":{"start":{"line":98,"column":8},"end":{"line":98,"column":48}},"38":{"start":{"line":99,"column":8},"end":{"line":99,"column":21}},"39":{"start":{"line":106,"column":0},"end":{"line":138,"column":3}},"40":{"start":{"line":109,"column":4},"end":{"line":109,"column":41}},"41":{"start":{"line":112,"column":17},"end":{"line":112,"column":30}},"42":{"start":{"line":114,"column":22},"end":{"line":121,"column":5}},"43":{"start":{"line":124,"column":4},"end":{"line":136,"column":7}},"44":{"start":{"line":127,"column":8},"end":{"line":127,"column":31}},"45":{"start":{"line":127,"column":17},"end":{"line":127,"column":31}},"46":{"start":{"line":130,"column":8},"end":{"line":130,"column":42}},"47":{"start":{"line":133,"column":8},"end":{"line":133,"column":49}},"48":{"start":{"line":134,"column":8},"end":{"line":134,"column":25}},"49":{"start":{"line":141,"column":0},"end":{"line":163,"column":3}},"50":{"start":{"line":144,"column":4},"end":{"line":144,"column":38}},"51":{"start":{"line":147,"column":17},"end":{"line":147,"column":30}},"52":{"start":{"line":150,"column":4},"end":{"line":161,"column":7}},"53":{"start":{"line":153,"column":8},"end":{"line":153,"column":31}},"54":{"start":{"line":153,"column":17},"end":{"line":153,"column":31}},"55":{"start":{"line":156,"column":8},"end":{"line":156,"column":65}},"56":{"start":{"line":159,"column":8},"end":{"line":159,"column":48}},"57":{"start":{"line":165,"column":0},"end":{"line":165,"column":39}}},"fnMap":{"0":{"name":"(anonymous_0)","decl":{"start":{"line":19,"column":17},"end":{"line":19,"column":18}},"loc":{"start":{"line":19,"column":68},"end":{"line":28,"column":1}},"line":19},"1":{"name":"(anonymous_1)","decl":{"start":{"line":31,"column":28},"end":{"line":31,"column":29}},"loc":{"start":{"line":31,"column":42},"end":{"line":54,"column":1}},"line":31},"2":{"name":"(anonymous_2)","decl":{"start":{"line":40,"column":23},"end":{"line":40,"column":24}},"loc":{"start":{"line":40,"column":41},"end":{"line":52,"column":5}},"line":40},"3":{"name":"(anonymous_3)","decl":{"start":{"line":57,"column":25},"end":{"line":57,"column":26}},"loc":{"start":{"line":57,"column":38},"end":{"line":77,"column":1}},"line":57},"4":{"name":"(anonymous_4)","decl":{"start":{"line":63,"column":16},"end":{"line":63,"column":17}},"loc":{"start":{"line":63,"column":35},"end":{"line":75,"column":5}},"line":63},"5":{"name":"(anonymous_5)","decl":{"start":{"line":80,"column":29},"end":{"line":80,"column":30}},"loc":{"start":{"line":80,"column":42},"end":{"line":103,"column":1}},"line":80},"6":{"name":"(anonymous_6)","decl":{"start":{"line":89,"column":27},"end":{"line":89,"column":28}},"loc":{"start":{"line":89,"column":45},"end":{"line":101,"column":5}},"line":89},"7":{"name":"(anonymous_7)","decl":{"start":{"line":106,"column":31},"end":{"line":106,"column":32}},"loc":{"start":{"line":106,"column":44},"end":{"line":138,"column":1}},"line":106},"8":{"name":"(anonymous_8)","decl":{"start":{"line":124,"column":42},"end":{"line":124,"column":43}},"loc":{"start":{"line":124,"column":60},"end":{"line":136,"column":5}},"line":124},"9":{"name":"(anonymous_9)","decl":{"start":{"line":141,"column":34},"end":{"line":141,"column":35}},"loc":{"start":{"line":141,"column":47},"end":{"line":163,"column":1}},"line":141},"10":{"name":"(anonymous_10)","decl":{"start":{"line":150,"column":29},"end":{"line":150,"column":30}},"loc":{"start":{"line":150,"column":47},"end":{"line":161,"column":5}},"line":150}},"branchMap":{"0":{"loc":{"start":{"line":43,"column":8},"end":{"line":43,"column":31}},"type":"if","locations":[{"start":{"line":43,"column":8},"end":{"line":43,"column":31}},{"start":{"line":43,"column":8},"end":{"line":43,"column":31}}],"line":43},"1":{"loc":{"start":{"line":66,"column":8},"end":{"line":66,"column":31}},"type":"if","locations":[{"start":{"line":66,"column":8},"end":{"line":66,"column":31}},{"start":{"line":66,"column":8},"end":{"line":66,"column":31}}],"line":66},"2":{"loc":{"start":{"line":92,"column":8},"end":{"line":92,"column":31}},"type":"if","locations":[{"start":{"line":92,"column":8},"end":{"line":92,"column":31}},{"start":{"line":92,"column":8},"end":{"line":92,"column":31}}],"line":92},"3":{"loc":{"start":{"line":127,"column":8},"end":{"line":127,"column":31}},"type":"if","locations":[{"start":{"line":127,"column":8},"end":{"line":127,"column":31}},{"start":{"line":127,"column":8},"end":{"line":127,"column":31}}],"line":127},"4":{"loc":{"start":{"line":153,"column":8},"end":{"line":153,"column":31}},"type":"if","locations":[{"start":{"line":153,"column":8},"end":{"line":153,"column":31}},{"start":{"line":153,"column":8},"end":{"line":153,"column":31}}],"line":153}},"s":{"0":1,"1":1,"2":1,"3":1,"4":1,"5":1,"6":1,"7":1,"8":1,"9":1,"10":1,"11":2,"12":2,"13":1,"14":1,"15":1,"16":1,"17":1,"18":0,"19":1,"20":1,"21":1,"22":1,"23":1,"24":1,"25":1,"26":0,"27":1,"28":1,"29":1,"30":1,"31":0,"32":0,"33":0,"34":0,"35":0,"36":0,"37":0,"38":0,"39":1,"40":0,"41":0,"42":0,"43":0,"44":0,"45":0,"46":0,"47":0,"48":0,"49":1,"50":0,"51":0,"52":0,"53":0,"54":0,"55":0,"56":0,"57":1},"f":{"0":2,"1":1,"2":1,"3":1,"4":1,"5":0,"6":0,"7":0,"8":0,"9":0,"10":0},"b":{"0":[0,1],"1":[0,1],"2":[0,0],"3":[0,0],"4":[0,0]},"_coverageSchema":"1a1c01bbd47fc00a2c39e90264f33305004495a9","hash":"88883a5935e5b7c50bc894cf4bf46fd92d30d9f6"}
}
